{"C:\\Users\\brian\\Projects\\cone-works\\src\\aabb.ts": {"path":"C:\\Users\\brian\\Projects\\cone-works\\src\\aabb.ts","all":false,"statementMap":{"0":{"start":{"line":1,"column":0},"end":{"line":1,"column":30}},"1":{"start":{"line":2,"column":0},"end":{"line":2,"column":0}},"2":{"start":{"line":3,"column":0},"end":{"line":3,"column":3}},"3":{"start":{"line":4,"column":0},"end":{"line":4,"column":29}},"4":{"start":{"line":5,"column":0},"end":{"line":5,"column":78}},"5":{"start":{"line":6,"column":0},"end":{"line":6,"column":51}},"6":{"start":{"line":7,"column":0},"end":{"line":7,"column":3}},"7":{"start":{"line":8,"column":0},"end":{"line":8,"column":27}},"8":{"start":{"line":9,"column":0},"end":{"line":9,"column":16}},"9":{"start":{"line":10,"column":0},"end":{"line":10,"column":25}},"10":{"start":{"line":11,"column":0},"end":{"line":11,"column":5}},"11":{"start":{"line":12,"column":0},"end":{"line":12,"column":0}},"12":{"start":{"line":13,"column":0},"end":{"line":13,"column":17}},"13":{"start":{"line":14,"column":0},"end":{"line":14,"column":38}},"14":{"start":{"line":15,"column":0},"end":{"line":15,"column":5}},"15":{"start":{"line":16,"column":0},"end":{"line":16,"column":0}},"16":{"start":{"line":17,"column":0},"end":{"line":17,"column":15}},"17":{"start":{"line":18,"column":0},"end":{"line":18,"column":25}},"18":{"start":{"line":19,"column":0},"end":{"line":19,"column":5}},"19":{"start":{"line":20,"column":0},"end":{"line":20,"column":0}},"20":{"start":{"line":21,"column":0},"end":{"line":21,"column":18}},"21":{"start":{"line":22,"column":0},"end":{"line":22,"column":39}},"22":{"start":{"line":23,"column":0},"end":{"line":23,"column":5}},"23":{"start":{"line":24,"column":0},"end":{"line":24,"column":0}},"24":{"start":{"line":25,"column":0},"end":{"line":25,"column":16}},"25":{"start":{"line":26,"column":0},"end":{"line":26,"column":34}},"26":{"start":{"line":27,"column":0},"end":{"line":27,"column":25}},"27":{"start":{"line":28,"column":0},"end":{"line":28,"column":25}},"28":{"start":{"line":29,"column":0},"end":{"line":29,"column":9}},"29":{"start":{"line":30,"column":0},"end":{"line":30,"column":1}}},"s":{"0":1,"1":1,"2":1,"3":1,"4":1,"5":1,"6":1,"7":1,"8":1,"9":1,"10":1,"11":1,"12":1,"13":1,"14":1,"15":1,"16":1,"17":1,"18":1,"19":1,"20":1,"21":1,"22":1,"23":1,"24":1,"25":13,"26":13,"27":13,"28":13,"29":1},"branchMap":{"0":{"type":"branch","line":25,"loc":{"start":{"line":25,"column":4},"end":{"line":29,"column":9}},"locations":[{"start":{"line":25,"column":4},"end":{"line":29,"column":9}}]},"1":{"type":"branch","line":13,"loc":{"start":{"line":13,"column":4},"end":{"line":15,"column":5}},"locations":[{"start":{"line":13,"column":4},"end":{"line":15,"column":5}}]},"2":{"type":"branch","line":17,"loc":{"start":{"line":17,"column":4},"end":{"line":19,"column":5}},"locations":[{"start":{"line":17,"column":4},"end":{"line":19,"column":5}}]},"3":{"type":"branch","line":21,"loc":{"start":{"line":21,"column":4},"end":{"line":23,"column":5}},"locations":[{"start":{"line":21,"column":4},"end":{"line":23,"column":5}}]}},"b":{"0":[13],"1":[1],"2":[1],"3":[1]},"fnMap":{"0":{"name":"AABB","decl":{"start":{"line":25,"column":4},"end":{"line":29,"column":9}},"loc":{"start":{"line":25,"column":4},"end":{"line":29,"column":9}},"line":25},"1":{"name":"get right","decl":{"start":{"line":13,"column":4},"end":{"line":15,"column":5}},"loc":{"start":{"line":13,"column":4},"end":{"line":15,"column":5}},"line":13},"2":{"name":"get top","decl":{"start":{"line":17,"column":4},"end":{"line":19,"column":5}},"loc":{"start":{"line":17,"column":4},"end":{"line":19,"column":5}},"line":17},"3":{"name":"get bottom","decl":{"start":{"line":21,"column":4},"end":{"line":23,"column":5}},"loc":{"start":{"line":21,"column":4},"end":{"line":23,"column":5}},"line":21}},"f":{"0":13,"1":1,"2":1,"3":1}}
,"C:\\Users\\brian\\Projects\\cone-works\\src\\draw-options.ts": {"path":"C:\\Users\\brian\\Projects\\cone-works\\src\\draw-options.ts","all":false,"statementMap":{"0":{"start":{"line":1,"column":0},"end":{"line":1,"column":42}},"1":{"start":{"line":2,"column":0},"end":{"line":2,"column":0}},"2":{"start":{"line":3,"column":0},"end":{"line":3,"column":34}},"3":{"start":{"line":4,"column":0},"end":{"line":4,"column":23}},"4":{"start":{"line":5,"column":0},"end":{"line":5,"column":21}},"5":{"start":{"line":6,"column":0},"end":{"line":6,"column":42}},"6":{"start":{"line":7,"column":0},"end":{"line":7,"column":1}}},"s":{"0":1,"1":1,"2":2,"3":2,"4":2,"5":2,"6":2},"branchMap":{"0":{"type":"branch","line":3,"loc":{"start":{"line":3,"column":0},"end":{"line":7,"column":1}},"locations":[{"start":{"line":3,"column":0},"end":{"line":7,"column":1}}]}},"b":{"0":[2]},"fnMap":{"0":{"name":"<instance_members_initializer>","decl":{"start":{"line":3,"column":0},"end":{"line":7,"column":1}},"loc":{"start":{"line":3,"column":0},"end":{"line":7,"column":1}},"line":3}},"f":{"0":2}}
,"C:\\Users\\brian\\Projects\\cone-works\\src\\draw-origin.ts": {"path":"C:\\Users\\brian\\Projects\\cone-works\\src\\draw-origin.ts","all":false,"statementMap":{"0":{"start":{"line":1,"column":0},"end":{"line":1,"column":24}},"1":{"start":{"line":2,"column":0},"end":{"line":2,"column":11}},"2":{"start":{"line":3,"column":0},"end":{"line":3,"column":6}},"3":{"start":{"line":4,"column":0},"end":{"line":4,"column":12}},"4":{"start":{"line":5,"column":0},"end":{"line":5,"column":14}},"5":{"start":{"line":6,"column":0},"end":{"line":6,"column":9}},"6":{"start":{"line":7,"column":0},"end":{"line":7,"column":15}},"7":{"start":{"line":8,"column":0},"end":{"line":8,"column":14}},"8":{"start":{"line":9,"column":0},"end":{"line":9,"column":9}},"9":{"start":{"line":10,"column":0},"end":{"line":10,"column":15}},"10":{"start":{"line":11,"column":0},"end":{"line":11,"column":1}}},"s":{"0":1,"1":1,"2":1,"3":1,"4":1,"5":1,"6":1,"7":1,"8":1,"9":1,"10":1},"branchMap":{"0":{"type":"branch","line":1,"loc":{"start":{"line":1,"column":7},"end":{"line":1,"column":24}},"locations":[{"start":{"line":1,"column":7},"end":{"line":1,"column":24}}]}},"b":{"0":[2]},"fnMap":{},"f":{}}
,"C:\\Users\\brian\\Projects\\cone-works\\src\\rect.ts": {"path":"C:\\Users\\brian\\Projects\\cone-works\\src\\rect.ts","all":false,"statementMap":{"0":{"start":{"line":1,"column":0},"end":{"line":1,"column":25}},"1":{"start":{"line":2,"column":0},"end":{"line":2,"column":40}},"2":{"start":{"line":3,"column":0},"end":{"line":3,"column":42}},"3":{"start":{"line":4,"column":0},"end":{"line":4,"column":29}},"4":{"start":{"line":5,"column":0},"end":{"line":5,"column":0}},"5":{"start":{"line":6,"column":0},"end":{"line":6,"column":27}},"6":{"start":{"line":7,"column":0},"end":{"line":7,"column":80}},"7":{"start":{"line":8,"column":0},"end":{"line":8,"column":0}},"8":{"start":{"line":9,"column":0},"end":{"line":9,"column":22}},"9":{"start":{"line":10,"column":0},"end":{"line":10,"column":61}},"10":{"start":{"line":11,"column":0},"end":{"line":11,"column":3}},"11":{"start":{"line":12,"column":0},"end":{"line":12,"column":0}},"12":{"start":{"line":13,"column":0},"end":{"line":13,"column":50}},"13":{"start":{"line":14,"column":0},"end":{"line":14,"column":80}},"14":{"start":{"line":15,"column":0},"end":{"line":15,"column":3}},"15":{"start":{"line":16,"column":0},"end":{"line":16,"column":0}},"16":{"start":{"line":17,"column":0},"end":{"line":17,"column":52}},"17":{"start":{"line":18,"column":0},"end":{"line":18,"column":21}},"18":{"start":{"line":19,"column":0},"end":{"line":19,"column":31}},"19":{"start":{"line":20,"column":0},"end":{"line":20,"column":76}},"20":{"start":{"line":21,"column":0},"end":{"line":21,"column":26}},"21":{"start":{"line":22,"column":0},"end":{"line":22,"column":82}},"22":{"start":{"line":23,"column":0},"end":{"line":23,"column":32}},"23":{"start":{"line":24,"column":0},"end":{"line":24,"column":63}},"24":{"start":{"line":25,"column":0},"end":{"line":25,"column":34}},"25":{"start":{"line":26,"column":0},"end":{"line":26,"column":82}},"26":{"start":{"line":27,"column":0},"end":{"line":27,"column":29}},"27":{"start":{"line":28,"column":0},"end":{"line":28,"column":88}},"28":{"start":{"line":29,"column":0},"end":{"line":29,"column":35}},"29":{"start":{"line":30,"column":0},"end":{"line":30,"column":69}},"30":{"start":{"line":31,"column":0},"end":{"line":31,"column":34}},"31":{"start":{"line":32,"column":0},"end":{"line":32,"column":62}},"32":{"start":{"line":33,"column":0},"end":{"line":33,"column":29}},"33":{"start":{"line":34,"column":0},"end":{"line":34,"column":68}},"34":{"start":{"line":35,"column":0},"end":{"line":35,"column":35}},"35":{"start":{"line":36,"column":0},"end":{"line":36,"column":14}},"36":{"start":{"line":37,"column":0},"end":{"line":37,"column":49}},"37":{"start":{"line":38,"column":0},"end":{"line":38,"column":5}},"38":{"start":{"line":39,"column":0},"end":{"line":39,"column":3}},"39":{"start":{"line":40,"column":0},"end":{"line":40,"column":0}},"40":{"start":{"line":41,"column":0},"end":{"line":41,"column":79}},"41":{"start":{"line":42,"column":0},"end":{"line":42,"column":18}},"42":{"start":{"line":43,"column":0},"end":{"line":43,"column":0}},"43":{"start":{"line":44,"column":0},"end":{"line":44,"column":85}},"44":{"start":{"line":45,"column":0},"end":{"line":45,"column":60}},"45":{"start":{"line":46,"column":0},"end":{"line":46,"column":37}},"46":{"start":{"line":47,"column":0},"end":{"line":47,"column":12}},"47":{"start":{"line":48,"column":0},"end":{"line":48,"column":47}},"48":{"start":{"line":49,"column":0},"end":{"line":49,"column":5}},"49":{"start":{"line":50,"column":0},"end":{"line":50,"column":0}},"50":{"start":{"line":51,"column":0},"end":{"line":51,"column":23}},"51":{"start":{"line":52,"column":0},"end":{"line":52,"column":47}},"52":{"start":{"line":53,"column":0},"end":{"line":53,"column":23}},"53":{"start":{"line":54,"column":0},"end":{"line":54,"column":0}},"54":{"start":{"line":55,"column":0},"end":{"line":55,"column":23}},"55":{"start":{"line":56,"column":0},"end":{"line":56,"column":38}},"56":{"start":{"line":57,"column":0},"end":{"line":57,"column":20}},"57":{"start":{"line":58,"column":0},"end":{"line":58,"column":5}},"58":{"start":{"line":59,"column":0},"end":{"line":59,"column":0}},"59":{"start":{"line":60,"column":0},"end":{"line":60,"column":25}},"60":{"start":{"line":61,"column":0},"end":{"line":61,"column":42}},"61":{"start":{"line":62,"column":0},"end":{"line":62,"column":22}},"62":{"start":{"line":63,"column":0},"end":{"line":63,"column":5}},"63":{"start":{"line":64,"column":0},"end":{"line":64,"column":0}},"64":{"start":{"line":65,"column":0},"end":{"line":65,"column":21}},"65":{"start":{"line":66,"column":0},"end":{"line":66,"column":3}},"66":{"start":{"line":67,"column":0},"end":{"line":67,"column":1}}},"s":{"0":1,"1":1,"2":1,"3":1,"4":1,"5":1,"6":1,"7":1,"8":1,"9":1,"10":1,"11":1,"12":1,"13":9,"14":9,"15":1,"16":1,"17":19,"18":19,"19":2,"20":19,"21":2,"22":19,"23":2,"24":19,"25":2,"26":19,"27":3,"28":19,"29":2,"30":19,"31":2,"32":19,"33":2,"34":19,"35":19,"36":2,"37":19,"38":19,"39":1,"40":1,"41":6,"42":6,"43":6,"44":1,"45":1,"46":6,"47":5,"48":5,"49":6,"50":6,"51":6,"52":6,"53":6,"54":6,"55":2,"56":2,"57":2,"58":6,"59":6,"60":1,"61":1,"62":1,"63":6,"64":6,"65":6,"66":1},"branchMap":{"0":{"type":"branch","line":7,"loc":{"start":{"line":7,"column":2},"end":{"line":7,"column":80}},"locations":[{"start":{"line":7,"column":2},"end":{"line":7,"column":80}}]},"1":{"type":"branch","line":9,"loc":{"start":{"line":9,"column":9},"end":{"line":11,"column":3}},"locations":[{"start":{"line":9,"column":9},"end":{"line":11,"column":3}}]},"2":{"type":"branch","line":13,"loc":{"start":{"line":13,"column":9},"end":{"line":15,"column":3}},"locations":[{"start":{"line":13,"column":9},"end":{"line":15,"column":3}}]},"3":{"type":"branch","line":17,"loc":{"start":{"line":17,"column":9},"end":{"line":39,"column":3}},"locations":[{"start":{"line":17,"column":9},"end":{"line":39,"column":3}}]},"4":{"type":"branch","line":19,"loc":{"start":{"line":19,"column":6},"end":{"line":20,"column":76}},"locations":[{"start":{"line":19,"column":6},"end":{"line":20,"column":76}}]},"5":{"type":"branch","line":21,"loc":{"start":{"line":21,"column":6},"end":{"line":22,"column":82}},"locations":[{"start":{"line":21,"column":6},"end":{"line":22,"column":82}}]},"6":{"type":"branch","line":23,"loc":{"start":{"line":23,"column":6},"end":{"line":24,"column":63}},"locations":[{"start":{"line":23,"column":6},"end":{"line":24,"column":63}}]},"7":{"type":"branch","line":25,"loc":{"start":{"line":25,"column":6},"end":{"line":26,"column":82}},"locations":[{"start":{"line":25,"column":6},"end":{"line":26,"column":82}}]},"8":{"type":"branch","line":27,"loc":{"start":{"line":27,"column":6},"end":{"line":28,"column":88}},"locations":[{"start":{"line":27,"column":6},"end":{"line":28,"column":88}}]},"9":{"type":"branch","line":29,"loc":{"start":{"line":29,"column":6},"end":{"line":30,"column":69}},"locations":[{"start":{"line":29,"column":6},"end":{"line":30,"column":69}}]},"10":{"type":"branch","line":31,"loc":{"start":{"line":31,"column":6},"end":{"line":32,"column":62}},"locations":[{"start":{"line":31,"column":6},"end":{"line":32,"column":62}}]},"11":{"type":"branch","line":33,"loc":{"start":{"line":33,"column":6},"end":{"line":34,"column":68}},"locations":[{"start":{"line":33,"column":6},"end":{"line":34,"column":68}}]},"12":{"type":"branch","line":35,"loc":{"start":{"line":35,"column":6},"end":{"line":35,"column":35}},"locations":[{"start":{"line":35,"column":6},"end":{"line":35,"column":35}}]},"13":{"type":"branch","line":36,"loc":{"start":{"line":36,"column":6},"end":{"line":37,"column":49}},"locations":[{"start":{"line":36,"column":6},"end":{"line":37,"column":49}}]},"14":{"type":"branch","line":41,"loc":{"start":{"line":41,"column":9},"end":{"line":66,"column":3}},"locations":[{"start":{"line":41,"column":9},"end":{"line":66,"column":3}}]},"15":{"type":"branch","line":44,"loc":{"start":{"line":44,"column":27},"end":{"line":44,"column":84}},"locations":[{"start":{"line":44,"column":27},"end":{"line":44,"column":84}}]},"16":{"type":"branch","line":44,"loc":{"start":{"line":44,"column":84},"end":{"line":47,"column":11}},"locations":[{"start":{"line":44,"column":84},"end":{"line":47,"column":11}}]},"17":{"type":"branch","line":47,"loc":{"start":{"line":47,"column":4},"end":{"line":49,"column":5}},"locations":[{"start":{"line":47,"column":4},"end":{"line":49,"column":5}}]},"18":{"type":"branch","line":55,"loc":{"start":{"line":55,"column":22},"end":{"line":58,"column":5}},"locations":[{"start":{"line":55,"column":22},"end":{"line":58,"column":5}}]},"19":{"type":"branch","line":60,"loc":{"start":{"line":60,"column":24},"end":{"line":63,"column":5}},"locations":[{"start":{"line":60,"column":24},"end":{"line":63,"column":5}}]}},"b":{"0":[9],"1":[1],"2":[9],"3":[19],"4":[2],"5":[2],"6":[2],"7":[2],"8":[3],"9":[2],"10":[2],"11":[2],"12":[2],"13":[2],"14":[6],"15":[3],"16":[1],"17":[5],"18":[2],"19":[1]},"fnMap":{"0":{"name":"Rect","decl":{"start":{"line":7,"column":2},"end":{"line":7,"column":80}},"loc":{"start":{"line":7,"column":2},"end":{"line":7,"column":80}},"line":7},"1":{"name":"getBounds","decl":{"start":{"line":9,"column":9},"end":{"line":11,"column":3}},"loc":{"start":{"line":9,"column":9},"end":{"line":11,"column":3}},"line":9},"2":{"name":"getBoundsFromOrigin","decl":{"start":{"line":13,"column":9},"end":{"line":15,"column":3}},"loc":{"start":{"line":13,"column":9},"end":{"line":15,"column":3}},"line":13},"3":{"name":"getPositionFromOrigin","decl":{"start":{"line":17,"column":9},"end":{"line":39,"column":3}},"loc":{"start":{"line":17,"column":9},"end":{"line":39,"column":3}},"line":17},"4":{"name":"draw","decl":{"start":{"line":41,"column":9},"end":{"line":66,"column":3}},"loc":{"start":{"line":41,"column":9},"end":{"line":66,"column":3}},"line":41}},"f":{"0":9,"1":1,"2":9,"3":19,"4":6}}
,"C:\\Users\\brian\\Projects\\cone-works\\src\\vector.ts": {"path":"C:\\Users\\brian\\Projects\\cone-works\\src\\vector.ts","all":false,"statementMap":{"0":{"start":{"line":1,"column":0},"end":{"line":1,"column":3}},"1":{"start":{"line":2,"column":0},"end":{"line":2,"column":42}},"2":{"start":{"line":3,"column":0},"end":{"line":3,"column":80}},"3":{"start":{"line":4,"column":0},"end":{"line":4,"column":66}},"4":{"start":{"line":5,"column":0},"end":{"line":5,"column":3}},"5":{"start":{"line":6,"column":0},"end":{"line":6,"column":29}},"6":{"start":{"line":7,"column":0},"end":{"line":7,"column":58}},"7":{"start":{"line":8,"column":0},"end":{"line":8,"column":0}},"8":{"start":{"line":9,"column":0},"end":{"line":9,"column":17}},"9":{"start":{"line":10,"column":0},"end":{"line":10,"column":45}},"10":{"start":{"line":11,"column":0},"end":{"line":11,"column":3}},"11":{"start":{"line":12,"column":0},"end":{"line":12,"column":1}}},"s":{"0":1,"1":1,"2":1,"3":1,"4":1,"5":1,"6":1,"7":1,"8":1,"9":3,"10":3,"11":1},"branchMap":{"0":{"type":"branch","line":7,"loc":{"start":{"line":7,"column":2},"end":{"line":7,"column":58}},"locations":[{"start":{"line":7,"column":2},"end":{"line":7,"column":58}}]},"1":{"type":"branch","line":9,"loc":{"start":{"line":9,"column":9},"end":{"line":11,"column":3}},"locations":[{"start":{"line":9,"column":9},"end":{"line":11,"column":3}}]}},"b":{"0":[40],"1":[3]},"fnMap":{"0":{"name":"Vector","decl":{"start":{"line":7,"column":2},"end":{"line":7,"column":58}},"loc":{"start":{"line":7,"column":2},"end":{"line":7,"column":58}},"line":7},"1":{"name":"copy","decl":{"start":{"line":9,"column":9},"end":{"line":11,"column":3}},"loc":{"start":{"line":9,"column":9},"end":{"line":11,"column":3}},"line":9}},"f":{"0":40,"1":3}}
}
